<?xml version="1.0" encoding="UTF-8"?>
<!-- Generated by org.testng.reporters.JUnitXMLReporter -->
<testsuite ignored="0" hostname="Lenovo" failures="2" tests="20" name="Test" time="405.37" errors="0" timestamp="2024-12-10T18:58:09 IST">
  <testcase classname="testCases.TC101_LoginTest" name="Validlogin" time="11.451"/>
  <testcase classname="testCases.TC101_LoginTestDDT" name="verify_loginDDT" time="12.366"/>
  <testcase classname="testCases.TC101_LoginTestDDT" name="verify_loginDDT" time="16.732"/>
  <testcase classname="testCases.TC101_LoginTestDDT" name="verify_loginDDT" time="14.778"/>
  <testcase classname="testCases.TC101_LoginTestDDT" name="verify_loginDDT" time="15.379"/>
  <testcase classname="testCases.TC101_LoginTestDDT" name="verify_loginDDT" time="15.729"/>
  <testcase classname="testCases.TC102_SearchHotelsTest" name="Valid_Search" time="4.539"/>
  <testcase classname="testCases.TC102_SearchHotelsTest" name="MandatoryFields_Only" time="2.277"/>
  <testcase classname="testCases.TC102_SearchHotelsTest" name="Past_CheckInDate" time="1.569"/>
  <testcase classname="testCases.TC102_SearchHotelsTest" name="CheckOut_Before" time="2.124"/>
  <testcase classname="testCases.TC102_SearchHotelsTest" name="InvalidDate" time="1.992">
    <failure type="java.lang.AssertionError" message="expected [Check-In Date should be either Today or Later Date] but found [Date should be in correct format]">
      <![CDATA[java.lang.AssertionError: expected [Check-In Date should be either Today or Later Date] but found [Date should be in correct format]
at testCases.TC102_SearchHotelsTest.InvalidDate(TC102_SearchHotelsTest.java:93)
at java.base/java.util.ArrayList.forEach(ArrayList.java:1596)
... Removed 31 stack frames]]>
    </failure>
  </testcase> <!-- InvalidDate -->
  <testcase classname="testCases.TC102_SearchHotelsTest" name="InvalidDateFormat" time="12.42">
    <failure type="org.openqa.selenium.NoSuchElementException" message="no such element: Unable to locate element: {&amp;quot;method&amp;quot;:&amp;quot;css selector&amp;quot;,&amp;quot;selector&amp;quot;:&amp;quot;#checkin_span&amp;quot;}
  (Session info: chrome=131.0.6778.109)
For documentation on this error, please visit: https://www.selenium.dev/documentation/webdriver/troubleshooting/errors#no-such-element-exception
Build info: version: &amp;apos;4.26.0&amp;apos;, revision: &amp;apos;8ccf0219d7&amp;apos;
System info: os.name: &amp;apos;Windows 10&amp;apos;, os.arch: &amp;apos;amd64&amp;apos;, os.version: &amp;apos;10.0&amp;apos;, java.version: &amp;apos;21.0.3&amp;apos;
Driver info: org.openqa.selenium.chrome.ChromeDriver
Command: [53f5fa0313d7a31d64b02c708bf29441, findElement {using=id, value=checkin_span}]
Capabilities {acceptInsecureCerts: false, browserName: chrome, browserVersion: 131.0.6778.109, chrome: {chromedriverVersion: 131.0.6778.87 (ce31cae94873..., userDataDir: C:\Users\ELCOT\AppData\Loca...}, fedcm:accounts: true, goog:chromeOptions: {debuggerAddress: localhost:52994}, networkConnectionEnabled: false, pageLoadStrategy: normal, platformName: windows, proxy: Proxy(), se:cdp: ws://localhost:52994/devtoo..., se:cdpVersion: 131.0.6778.109, setWindowRect: true, strictFileInteractability: false, timeouts: {implicit: 0, pageLoad: 300000, script: 30000}, unhandledPromptBehavior: dismiss and notify, webauthn:extension:credBlob: true, webauthn:extension:largeBlob: true, webauthn:extension:minPinLength: true, webauthn:extension:prf: true, webauthn:virtualAuthenticators: true}
Session ID: 53f5fa0313d7a31d64b02c708bf29441">
      <![CDATA[org.openqa.selenium.NoSuchElementException: no such element: Unable to locate element: {"method":"css selector","selector":"#checkin_span"}
  (Session info: chrome=131.0.6778.109)
For documentation on this error, please visit: https://www.selenium.dev/documentation/webdriver/troubleshooting/errors#no-such-element-exception
Build info: version: '4.26.0', revision: '8ccf0219d7'
System info: os.name: 'Windows 10', os.arch: 'amd64', os.version: '10.0', java.version: '21.0.3'
Driver info: org.openqa.selenium.chrome.ChromeDriver
Command: [53f5fa0313d7a31d64b02c708bf29441, findElement {using=id, value=checkin_span}]
Capabilities {acceptInsecureCerts: false, browserName: chrome, browserVersion: 131.0.6778.109, chrome: {chromedriverVersion: 131.0.6778.87 (ce31cae94873..., userDataDir: C:\Users\ELCOT\AppData\Loca...}, fedcm:accounts: true, goog:chromeOptions: {debuggerAddress: localhost:52994}, networkConnectionEnabled: false, pageLoadStrategy: normal, platformName: windows, proxy: Proxy(), se:cdp: ws://localhost:52994/devtoo..., se:cdpVersion: 131.0.6778.109, setWindowRect: true, strictFileInteractability: false, timeouts: {implicit: 0, pageLoad: 300000, script: 30000}, unhandledPromptBehavior: dismiss and notify, webauthn:extension:credBlob: true, webauthn:extension:largeBlob: true, webauthn:extension:minPinLength: true, webauthn:extension:prf: true, webauthn:virtualAuthenticators: true}
Session ID: 53f5fa0313d7a31d64b02c708bf29441
at org.openqa.selenium.remote.ErrorCodec.decode(ErrorCodec.java:167)
at org.openqa.selenium.remote.codec.w3c.W3CHttpResponseCodec.decode(W3CHttpResponseCodec.java:138)
at org.openqa.selenium.remote.codec.w3c.W3CHttpResponseCodec.decode(W3CHttpResponseCodec.java:50)
at org.openqa.selenium.remote.HttpCommandExecutor.execute(HttpCommandExecutor.java:190)
at org.openqa.selenium.remote.service.DriverCommandExecutor.invokeExecute(DriverCommandExecutor.java:216)
at org.openqa.selenium.remote.service.DriverCommandExecutor.execute(DriverCommandExecutor.java:174)
at org.openqa.selenium.remote.RemoteWebDriver.execute(RemoteWebDriver.java:545)
at org.openqa.selenium.remote.ElementLocation$ElementFinder$2.findElement(ElementLocation.java:165)
at org.openqa.selenium.remote.ElementLocation.findElement(ElementLocation.java:59)
at org.openqa.selenium.remote.RemoteWebDriver.findElement(RemoteWebDriver.java:368)
at org.openqa.selenium.remote.RemoteWebDriver.findElement(RemoteWebDriver.java:362)
at org.openqa.selenium.support.pagefactory.DefaultElementLocator.findElement(DefaultElementLocator.java:68)
at org.openqa.selenium.support.pagefactory.internal.LocatingElementHandler.invoke(LocatingElementHandler.java:38)
at jdk.proxy2/jdk.proxy2.$Proxy20.getText(Unknown Source)
at pageObjects.SearchHotelPage.get_errorMsgIncorrectDate(SearchHotelPage.java:115)
at testCases.TC102_SearchHotelsTest.InvalidDateFormat(TC102_SearchHotelsTest.java:105)
at java.base/java.util.ArrayList.forEach(ArrayList.java:1596)
... Removed 28 stack frames]]>
    </failure>
  </testcase> <!-- InvalidDateFormat -->
  <testcase classname="testCases.TC102_SearchHotelsTest" name="withoutLocation" time="1.546"/>
  <testcase classname="testCases.TC103_SelectHotelTest" name="valid_selectHotel" time="1.408"/>
  <testcase classname="testCases.TC103_SelectHotelTest" name="validate_searchhotel" time="0.489"/>
  <testcase classname="testCases.TC103_SelectHotelTest" name="withoutSelect_hotel" time="0.194"/>
  <testcase classname="testCases.TC103_SelectHotelTest" name="priceCalculation" time="0.285"/>
  <testcase classname="testCases.TC104_BookHotelTest" name="validlogin" time="5.357"/>
  <testcase classname="testCases.TC104_BookHotelTest" name="bookhotel" time="14.001"/>
  <testcase classname="testCases.TC105_EndToEndTest" name="BookingConfirmation" time="49.895"/>
</testsuite> <!-- Test -->
