<?xml version="1.0" encoding="UTF-8"?>
<!-- Generated by org.testng.reporters.JUnitXMLReporter -->
<testsuite ignored="0" hostname="Lenovo" failures="2" tests="20" name="Test" time="418.165" errors="0" timestamp="2024-12-10T19:18:00 IST">
  <testcase classname="testCases.TC101_LoginTest" name="Validlogin" time="8.042"/>
  <testcase classname="testCases.TC101_LoginTestDDT" name="verify_loginDDT" time="24.579"/>
  <testcase classname="testCases.TC101_LoginTestDDT" name="verify_loginDDT" time="21.285"/>
  <testcase classname="testCases.TC101_LoginTestDDT" name="verify_loginDDT" time="15.26"/>
  <testcase classname="testCases.TC101_LoginTestDDT" name="verify_loginDDT" time="15.152"/>
  <testcase classname="testCases.TC101_LoginTestDDT" name="verify_loginDDT" time="14.902"/>
  <testcase classname="testCases.TC102_SearchHotelsTest" name="Valid_Search" time="4.074"/>
  <testcase classname="testCases.TC102_SearchHotelsTest" name="MandatoryFields_Only" time="4.774"/>
  <testcase classname="testCases.TC102_SearchHotelsTest" name="Past_CheckInDate" time="1.312"/>
  <testcase classname="testCases.TC102_SearchHotelsTest" name="CheckOut_Before" time="2.014"/>
  <testcase classname="testCases.TC102_SearchHotelsTest" name="InvalidDate" time="1.992">
    <failure type="java.lang.AssertionError" message="expected [Check-In Date should be either Today or Later Date] but found [Date should be in correct format]">
      <![CDATA[java.lang.AssertionError: expected [Check-In Date should be either Today or Later Date] but found [Date should be in correct format]
at testCases.TC102_SearchHotelsTest.InvalidDate(TC102_SearchHotelsTest.java:93)
at java.base/java.util.ArrayList.forEach(ArrayList.java:1596)
... Removed 35 stack frames]]>
    </failure>
  </testcase> <!-- InvalidDate -->
  <testcase classname="testCases.TC102_SearchHotelsTest" name="InvalidDateFormat" time="13.76">
    <failure type="org.openqa.selenium.NoSuchElementException" message="no such element: Unable to locate element: {&amp;quot;method&amp;quot;:&amp;quot;css selector&amp;quot;,&amp;quot;selector&amp;quot;:&amp;quot;#checkin_span&amp;quot;}
  (Session info: chrome=131.0.6778.109)
For documentation on this error, please visit: https://www.selenium.dev/documentation/webdriver/troubleshooting/errors#no-such-element-exception
Build info: version: &amp;apos;4.26.0&amp;apos;, revision: &amp;apos;8ccf0219d7&amp;apos;
System info: os.name: &amp;apos;Windows 10&amp;apos;, os.arch: &amp;apos;amd64&amp;apos;, os.version: &amp;apos;10.0&amp;apos;, java.version: &amp;apos;21.0.3&amp;apos;
Driver info: org.openqa.selenium.chrome.ChromeDriver
Command: [9ae332001536e7c9fbf8af26388851a0, findElement {value=checkin_span, using=id}]
Capabilities {acceptInsecureCerts: false, browserName: chrome, browserVersion: 131.0.6778.109, chrome: {chromedriverVersion: 131.0.6778.87 (ce31cae94873..., userDataDir: C:\Users\ELCOT\AppData\Loca...}, fedcm:accounts: true, goog:chromeOptions: {debuggerAddress: localhost:53592}, networkConnectionEnabled: false, pageLoadStrategy: normal, platformName: windows, proxy: Proxy(), se:cdp: ws://localhost:53592/devtoo..., se:cdpVersion: 131.0.6778.109, setWindowRect: true, strictFileInteractability: false, timeouts: {implicit: 0, pageLoad: 300000, script: 30000}, unhandledPromptBehavior: dismiss and notify, webauthn:extension:credBlob: true, webauthn:extension:largeBlob: true, webauthn:extension:minPinLength: true, webauthn:extension:prf: true, webauthn:virtualAuthenticators: true}
Session ID: 9ae332001536e7c9fbf8af26388851a0">
      <![CDATA[org.openqa.selenium.NoSuchElementException: no such element: Unable to locate element: {"method":"css selector","selector":"#checkin_span"}
  (Session info: chrome=131.0.6778.109)
For documentation on this error, please visit: https://www.selenium.dev/documentation/webdriver/troubleshooting/errors#no-such-element-exception
Build info: version: '4.26.0', revision: '8ccf0219d7'
System info: os.name: 'Windows 10', os.arch: 'amd64', os.version: '10.0', java.version: '21.0.3'
Driver info: org.openqa.selenium.chrome.ChromeDriver
Command: [9ae332001536e7c9fbf8af26388851a0, findElement {value=checkin_span, using=id}]
Capabilities {acceptInsecureCerts: false, browserName: chrome, browserVersion: 131.0.6778.109, chrome: {chromedriverVersion: 131.0.6778.87 (ce31cae94873..., userDataDir: C:\Users\ELCOT\AppData\Loca...}, fedcm:accounts: true, goog:chromeOptions: {debuggerAddress: localhost:53592}, networkConnectionEnabled: false, pageLoadStrategy: normal, platformName: windows, proxy: Proxy(), se:cdp: ws://localhost:53592/devtoo..., se:cdpVersion: 131.0.6778.109, setWindowRect: true, strictFileInteractability: false, timeouts: {implicit: 0, pageLoad: 300000, script: 30000}, unhandledPromptBehavior: dismiss and notify, webauthn:extension:credBlob: true, webauthn:extension:largeBlob: true, webauthn:extension:minPinLength: true, webauthn:extension:prf: true, webauthn:virtualAuthenticators: true}
Session ID: 9ae332001536e7c9fbf8af26388851a0
at org.openqa.selenium.remote.ErrorCodec.decode(ErrorCodec.java:167)
at org.openqa.selenium.remote.codec.w3c.W3CHttpResponseCodec.decode(W3CHttpResponseCodec.java:138)
at org.openqa.selenium.remote.codec.w3c.W3CHttpResponseCodec.decode(W3CHttpResponseCodec.java:50)
at org.openqa.selenium.remote.HttpCommandExecutor.execute(HttpCommandExecutor.java:190)
at org.openqa.selenium.remote.service.DriverCommandExecutor.invokeExecute(DriverCommandExecutor.java:216)
at org.openqa.selenium.remote.service.DriverCommandExecutor.execute(DriverCommandExecutor.java:174)
at org.openqa.selenium.remote.RemoteWebDriver.execute(RemoteWebDriver.java:545)
at org.openqa.selenium.remote.ElementLocation$ElementFinder$2.findElement(ElementLocation.java:165)
at org.openqa.selenium.remote.ElementLocation.findElement(ElementLocation.java:59)
at org.openqa.selenium.remote.RemoteWebDriver.findElement(RemoteWebDriver.java:368)
at org.openqa.selenium.remote.RemoteWebDriver.findElement(RemoteWebDriver.java:362)
at org.openqa.selenium.support.pagefactory.DefaultElementLocator.findElement(DefaultElementLocator.java:68)
at org.openqa.selenium.support.pagefactory.internal.LocatingElementHandler.invoke(LocatingElementHandler.java:38)
at jdk.proxy2/jdk.proxy2.$Proxy17.getText(Unknown Source)
at pageObjects.SearchHotelPage.get_errorMsgIncorrectDate(SearchHotelPage.java:115)
at testCases.TC102_SearchHotelsTest.InvalidDateFormat(TC102_SearchHotelsTest.java:105)
at java.base/java.util.ArrayList.forEach(ArrayList.java:1596)
... Removed 32 stack frames]]>
    </failure>
  </testcase> <!-- InvalidDateFormat -->
  <testcase classname="testCases.TC102_SearchHotelsTest" name="withoutLocation" time="1.7"/>
  <testcase classname="testCases.TC103_SelectHotelTest" name="valid_selectHotel" time="2.279"/>
  <testcase classname="testCases.TC103_SelectHotelTest" name="validate_searchhotel" time="0.343"/>
  <testcase classname="testCases.TC103_SelectHotelTest" name="withoutSelect_hotel" time="0.468"/>
  <testcase classname="testCases.TC103_SelectHotelTest" name="priceCalculation" time="0.375"/>
  <testcase classname="testCases.TC104_BookHotelTest" name="validlogin" time="6.249"/>
  <testcase classname="testCases.TC104_BookHotelTest" name="bookhotel" time="17.973"/>
  <testcase classname="testCases.TC105_EndToEndTest" name="BookingConfirmation" time="52.829"/>
</testsuite> <!-- Test -->
