<?xml version="1.0" encoding="UTF-8"?>
<testng-results ignored="0" total="20" passed="18" failed="2" skipped="0">
  <reporter-output>
  </reporter-output>
  <suite started-at="2024-12-10T19:11:00 IST" name="Suite" finished-at="2024-12-10T19:17:58 IST" duration-ms="418165">
    <groups>
      <group name="Functional">
        <method signature="TC104_BookHotelTest.validlogin()[pri:1, instance:testCases.TC104_BookHotelTest@4b6690c0]" name="validlogin" class="testCases.TC104_BookHotelTest"/>
        <method signature="TC104_BookHotelTest.bookhotel()[pri:2, instance:testCases.TC104_BookHotelTest@4b6690c0]" name="bookhotel" class="testCases.TC104_BookHotelTest"/>
      </group> <!-- Functional -->
      <group name="Master">
        <method signature="TC105_EndToEndTest.BookingConfirmation()[pri:0, instance:testCases.TC105_EndToEndTest@46268f08]" name="BookingConfirmation" class="testCases.TC105_EndToEndTest"/>
      </group> <!-- Master -->
      <group name="Sanity">
        <method signature="TC101_LoginTest.Validlogin()[pri:1, instance:testCases.TC101_LoginTest@3212a8d7]" name="Validlogin" class="testCases.TC101_LoginTest"/>
      </group> <!-- Sanity -->
      <group name="Regression">
        <method signature="TC102_SearchHotelsTest.Valid_Search()[pri:1, instance:testCases.TC102_SearchHotelsTest@7203c7ff]" name="Valid_Search" class="testCases.TC102_SearchHotelsTest"/>
        <method signature="TC103_SelectHotelTest.valid_selectHotel()[pri:1, instance:testCases.TC103_SelectHotelTest@25bfcafd]" name="valid_selectHotel" class="testCases.TC103_SelectHotelTest"/>
        <method signature="TC102_SearchHotelsTest.MandatoryFields_Only()[pri:2, instance:testCases.TC102_SearchHotelsTest@7203c7ff]" name="MandatoryFields_Only" class="testCases.TC102_SearchHotelsTest"/>
        <method signature="TC103_SelectHotelTest.validate_searchhotel()[pri:2, instance:testCases.TC103_SelectHotelTest@25bfcafd]" name="validate_searchhotel" class="testCases.TC103_SelectHotelTest"/>
        <method signature="TC102_SearchHotelsTest.Past_CheckInDate()[pri:3, instance:testCases.TC102_SearchHotelsTest@7203c7ff]" name="Past_CheckInDate" class="testCases.TC102_SearchHotelsTest"/>
        <method signature="TC103_SelectHotelTest.withoutSelect_hotel()[pri:3, instance:testCases.TC103_SelectHotelTest@25bfcafd]" name="withoutSelect_hotel" class="testCases.TC103_SelectHotelTest"/>
        <method signature="TC102_SearchHotelsTest.CheckOut_Before()[pri:4, instance:testCases.TC102_SearchHotelsTest@7203c7ff]" name="CheckOut_Before" class="testCases.TC102_SearchHotelsTest"/>
        <method signature="TC103_SelectHotelTest.priceCalculation()[pri:4, instance:testCases.TC103_SelectHotelTest@25bfcafd]" name="priceCalculation" class="testCases.TC103_SelectHotelTest"/>
        <method signature="TC102_SearchHotelsTest.InvalidDate()[pri:5, instance:testCases.TC102_SearchHotelsTest@7203c7ff]" name="InvalidDate" class="testCases.TC102_SearchHotelsTest"/>
        <method signature="TC102_SearchHotelsTest.InvalidDateFormat()[pri:6, instance:testCases.TC102_SearchHotelsTest@7203c7ff]" name="InvalidDateFormat" class="testCases.TC102_SearchHotelsTest"/>
        <method signature="TC102_SearchHotelsTest.withoutLocation()[pri:7, instance:testCases.TC102_SearchHotelsTest@7203c7ff]" name="withoutLocation" class="testCases.TC102_SearchHotelsTest"/>
      </group> <!-- Regression -->
      <group name="DataDriven">
        <method signature="TC101_LoginTestDDT.verify_loginDDT(java.lang.String,java.lang.String,java.lang.String)[pri:0, instance:testCases.TC101_LoginTestDDT@1852a3ff]" name="verify_loginDDT" class="testCases.TC101_LoginTestDDT"/>
      </group> <!-- DataDriven -->
    </groups>
    <test started-at="2024-12-10T19:11:00 IST" name="Test" finished-at="2024-12-10T19:17:58 IST" duration-ms="418165">
      <class name="testCases.TC105_EndToEndTest">
        <test-method is-config="true" signature="setup(java.lang.String,java.lang.String)[pri:0, instance:testCases.TC105_EndToEndTest@46268f08]" started-at="2024-12-10T19:16:52 IST" name="setup" finished-at="2024-12-10T19:17:04 IST" duration-ms="11738" status="PASS">
          <params>
            <param index="0">
              <value>
                <![CDATA[Windows]]>
              </value>
            </param>
            <param index="1">
              <value>
                <![CDATA[chrome]]>
              </value>
            </param>
          </params>
          <reporter-output>
          </reporter-output>
        </test-method> <!-- setup -->
        <test-method signature="BookingConfirmation()[pri:0, instance:testCases.TC105_EndToEndTest@46268f08]" started-at="2024-12-10T19:17:04 IST" name="BookingConfirmation" finished-at="2024-12-10T19:17:56 IST" duration-ms="52829" status="PASS">
          <reporter-output>
          </reporter-output>
        </test-method> <!-- BookingConfirmation -->
        <test-method is-config="true" signature="teardown()[pri:0, instance:testCases.TC105_EndToEndTest@46268f08]" started-at="2024-12-10T19:17:56 IST" name="teardown" finished-at="2024-12-10T19:17:58 IST" duration-ms="1440" status="PASS">
          <reporter-output>
          </reporter-output>
        </test-method> <!-- teardown -->
      </class> <!-- testCases.TC105_EndToEndTest -->
      <class name="testCases.TC102_SearchHotelsTest">
        <test-method is-config="true" signature="setup(java.lang.String,java.lang.String)[pri:0, instance:testCases.TC102_SearchHotelsTest@7203c7ff]" started-at="2024-12-10T19:13:52 IST" name="setup" finished-at="2024-12-10T19:14:11 IST" duration-ms="18592" status="PASS">
          <params>
            <param index="0">
              <value>
                <![CDATA[Windows]]>
              </value>
            </param>
            <param index="1">
              <value>
                <![CDATA[chrome]]>
              </value>
            </param>
          </params>
          <reporter-output>
          </reporter-output>
        </test-method> <!-- setup -->
        <test-method is-config="true" signature="Login()[pri:0, instance:testCases.TC102_SearchHotelsTest@7203c7ff]" started-at="2024-12-10T19:14:11 IST" name="Login" finished-at="2024-12-10T19:14:14 IST" duration-ms="3487" status="PASS">
          <reporter-output>
          </reporter-output>
        </test-method> <!-- Login -->
        <test-method signature="Valid_Search()[pri:1, instance:testCases.TC102_SearchHotelsTest@7203c7ff]" started-at="2024-12-10T19:14:14 IST" name="Valid_Search" finished-at="2024-12-10T19:14:18 IST" duration-ms="4074" status="PASS">
          <reporter-output>
          </reporter-output>
        </test-method> <!-- Valid_Search -->
        <test-method is-config="true" signature="logout()[pri:0, instance:testCases.TC102_SearchHotelsTest@7203c7ff]" started-at="2024-12-10T19:14:18 IST" name="logout" finished-at="2024-12-10T19:14:21 IST" duration-ms="2704" status="PASS">
          <reporter-output>
          </reporter-output>
        </test-method> <!-- logout -->
        <test-method is-config="true" signature="Login()[pri:0, instance:testCases.TC102_SearchHotelsTest@7203c7ff]" started-at="2024-12-10T19:14:21 IST" name="Login" finished-at="2024-12-10T19:14:24 IST" duration-ms="3375" status="PASS">
          <reporter-output>
          </reporter-output>
        </test-method> <!-- Login -->
        <test-method signature="MandatoryFields_Only()[pri:2, instance:testCases.TC102_SearchHotelsTest@7203c7ff]" started-at="2024-12-10T19:14:24 IST" name="MandatoryFields_Only" finished-at="2024-12-10T19:14:29 IST" duration-ms="4774" status="PASS">
          <reporter-output>
          </reporter-output>
        </test-method> <!-- MandatoryFields_Only -->
        <test-method is-config="true" signature="logout()[pri:0, instance:testCases.TC102_SearchHotelsTest@7203c7ff]" started-at="2024-12-10T19:14:29 IST" name="logout" finished-at="2024-12-10T19:14:32 IST" duration-ms="2502" status="PASS">
          <reporter-output>
          </reporter-output>
        </test-method> <!-- logout -->
        <test-method is-config="true" signature="Login()[pri:0, instance:testCases.TC102_SearchHotelsTest@7203c7ff]" started-at="2024-12-10T19:14:32 IST" name="Login" finished-at="2024-12-10T19:14:34 IST" duration-ms="2515" status="PASS">
          <reporter-output>
          </reporter-output>
        </test-method> <!-- Login -->
        <test-method signature="Past_CheckInDate()[pri:3, instance:testCases.TC102_SearchHotelsTest@7203c7ff]" started-at="2024-12-10T19:14:34 IST" name="Past_CheckInDate" finished-at="2024-12-10T19:14:36 IST" duration-ms="1312" status="PASS">
          <reporter-output>
          </reporter-output>
        </test-method> <!-- Past_CheckInDate -->
        <test-method is-config="true" signature="logout()[pri:0, instance:testCases.TC102_SearchHotelsTest@7203c7ff]" started-at="2024-12-10T19:14:36 IST" name="logout" finished-at="2024-12-10T19:14:37 IST" duration-ms="1765" status="PASS">
          <reporter-output>
          </reporter-output>
        </test-method> <!-- logout -->
        <test-method is-config="true" signature="Login()[pri:0, instance:testCases.TC102_SearchHotelsTest@7203c7ff]" started-at="2024-12-10T19:14:37 IST" name="Login" finished-at="2024-12-10T19:14:40 IST" duration-ms="2359" status="PASS">
          <reporter-output>
          </reporter-output>
        </test-method> <!-- Login -->
        <test-method signature="CheckOut_Before()[pri:4, instance:testCases.TC102_SearchHotelsTest@7203c7ff]" started-at="2024-12-10T19:14:40 IST" name="CheckOut_Before" finished-at="2024-12-10T19:14:42 IST" duration-ms="2014" status="PASS">
          <reporter-output>
          </reporter-output>
        </test-method> <!-- CheckOut_Before -->
        <test-method is-config="true" signature="logout()[pri:0, instance:testCases.TC102_SearchHotelsTest@7203c7ff]" started-at="2024-12-10T19:14:42 IST" name="logout" finished-at="2024-12-10T19:14:44 IST" duration-ms="1902" status="PASS">
          <reporter-output>
          </reporter-output>
        </test-method> <!-- logout -->
        <test-method is-config="true" signature="Login()[pri:0, instance:testCases.TC102_SearchHotelsTest@7203c7ff]" started-at="2024-12-10T19:14:44 IST" name="Login" finished-at="2024-12-10T19:14:47 IST" duration-ms="3069" status="PASS">
          <reporter-output>
          </reporter-output>
        </test-method> <!-- Login -->
        <test-method signature="InvalidDate()[pri:5, instance:testCases.TC102_SearchHotelsTest@7203c7ff]" started-at="2024-12-10T19:14:47 IST" name="InvalidDate" finished-at="2024-12-10T19:14:49 IST" duration-ms="1992" status="FAIL">
          <exception class="java.lang.AssertionError">
            <message>
              <![CDATA[expected [Check-In Date should be either Today or Later Date] but found [Date should be in correct format]]]>
            </message>
            <full-stacktrace>
              <![CDATA[java.lang.AssertionError: expected [Check-In Date should be either Today or Later Date] but found [Date should be in correct format]
at org.testng.Assert.fail(Assert.java:111)
at org.testng.Assert.failNotEquals(Assert.java:1578)
at org.testng.Assert.assertEqualsImpl(Assert.java:150)
at org.testng.Assert.assertEquals(Assert.java:132)
at org.testng.Assert.assertEquals(Assert.java:656)
at org.testng.Assert.assertEquals(Assert.java:666)
at testCases.TC102_SearchHotelsTest.InvalidDate(TC102_SearchHotelsTest.java:93)
at java.base/jdk.internal.reflect.DirectMethodHandleAccessor.invoke(DirectMethodHandleAccessor.java:103)
at java.base/java.lang.reflect.Method.invoke(Method.java:580)
at org.testng.internal.invokers.MethodInvocationHelper.invokeMethod(MethodInvocationHelper.java:141)
at org.testng.internal.invokers.TestInvoker.invokeMethod(TestInvoker.java:686)
at org.testng.internal.invokers.TestInvoker.invokeTestMethod(TestInvoker.java:230)
at org.testng.internal.invokers.MethodRunner.runInSequence(MethodRunner.java:63)
at org.testng.internal.invokers.TestInvoker$MethodInvocationAgent.invoke(TestInvoker.java:992)
at org.testng.internal.invokers.TestInvoker.invokeTestMethods(TestInvoker.java:203)
at org.testng.internal.invokers.TestMethodWorker.invokeTestMethods(TestMethodWorker.java:154)
at org.testng.internal.invokers.TestMethodWorker.run(TestMethodWorker.java:134)
at java.base/java.util.ArrayList.forEach(ArrayList.java:1596)
at org.testng.TestRunner.privateRun(TestRunner.java:739)
at org.testng.TestRunner.run(TestRunner.java:614)
at org.testng.SuiteRunner.runTest(SuiteRunner.java:421)
at org.testng.SuiteRunner.runSequentially(SuiteRunner.java:413)
at org.testng.SuiteRunner.privateRun(SuiteRunner.java:373)
at org.testng.SuiteRunner.run(SuiteRunner.java:312)
at org.testng.SuiteRunnerWorker.runSuite(SuiteRunnerWorker.java:52)
at org.testng.SuiteRunnerWorker.run(SuiteRunnerWorker.java:95)
at org.testng.TestNG.runSuitesSequentially(TestNG.java:1274)
at org.testng.TestNG.runSuitesLocally(TestNG.java:1208)
at org.testng.TestNG.runSuites(TestNG.java:1112)
at org.testng.TestNG.run(TestNG.java:1079)
at org.apache.maven.surefire.testng.TestNGExecutor.run(TestNGExecutor.java:308)
at org.apache.maven.surefire.testng.TestNGXmlTestSuite.execute(TestNGXmlTestSuite.java:71)
at org.apache.maven.surefire.testng.TestNGProvider.invoke(TestNGProvider.java:113)
at org.apache.maven.surefire.booter.ForkedBooter.runSuitesInProcess(ForkedBooter.java:385)
at org.apache.maven.surefire.booter.ForkedBooter.execute(ForkedBooter.java:162)
at org.apache.maven.surefire.booter.ForkedBooter.run(ForkedBooter.java:507)
at org.apache.maven.surefire.booter.ForkedBooter.main(ForkedBooter.java:495)
]]>
            </full-stacktrace>
          </exception> <!-- java.lang.AssertionError -->
          <reporter-output>
          </reporter-output>
        </test-method> <!-- InvalidDate -->
        <test-method is-config="true" signature="logout()[pri:0, instance:testCases.TC102_SearchHotelsTest@7203c7ff]" started-at="2024-12-10T19:14:49 IST" name="logout" finished-at="2024-12-10T19:14:51 IST" duration-ms="2416" status="PASS">
          <reporter-output>
          </reporter-output>
        </test-method> <!-- logout -->
        <test-method is-config="true" signature="Login()[pri:0, instance:testCases.TC102_SearchHotelsTest@7203c7ff]" started-at="2024-12-10T19:14:51 IST" name="Login" finished-at="2024-12-10T19:14:54 IST" duration-ms="2804" status="PASS">
          <reporter-output>
          </reporter-output>
        </test-method> <!-- Login -->
        <test-method signature="InvalidDateFormat()[pri:6, instance:testCases.TC102_SearchHotelsTest@7203c7ff]" started-at="2024-12-10T19:14:54 IST" name="InvalidDateFormat" finished-at="2024-12-10T19:15:08 IST" duration-ms="13760" status="FAIL">
          <exception class="org.openqa.selenium.NoSuchElementException">
            <message>
              <![CDATA[no such element: Unable to locate element: {"method":"css selector","selector":"#checkin_span"}
  (Session info: chrome=131.0.6778.109)
For documentation on this error, please visit: https://www.selenium.dev/documentation/webdriver/troubleshooting/errors#no-such-element-exception
Build info: version: '4.26.0', revision: '8ccf0219d7'
System info: os.name: 'Windows 10', os.arch: 'amd64', os.version: '10.0', java.version: '21.0.3'
Driver info: org.openqa.selenium.chrome.ChromeDriver
Command: [9ae332001536e7c9fbf8af26388851a0, findElement {value=checkin_span, using=id}]
Capabilities {acceptInsecureCerts: false, browserName: chrome, browserVersion: 131.0.6778.109, chrome: {chromedriverVersion: 131.0.6778.87 (ce31cae94873..., userDataDir: C:\Users\ELCOT\AppData\Loca...}, fedcm:accounts: true, goog:chromeOptions: {debuggerAddress: localhost:53592}, networkConnectionEnabled: false, pageLoadStrategy: normal, platformName: windows, proxy: Proxy(), se:cdp: ws://localhost:53592/devtoo..., se:cdpVersion: 131.0.6778.109, setWindowRect: true, strictFileInteractability: false, timeouts: {implicit: 0, pageLoad: 300000, script: 30000}, unhandledPromptBehavior: dismiss and notify, webauthn:extension:credBlob: true, webauthn:extension:largeBlob: true, webauthn:extension:minPinLength: true, webauthn:extension:prf: true, webauthn:virtualAuthenticators: true}
Session ID: 9ae332001536e7c9fbf8af26388851a0]]>
            </message>
            <full-stacktrace>
              <![CDATA[org.openqa.selenium.NoSuchElementException: no such element: Unable to locate element: {"method":"css selector","selector":"#checkin_span"}
  (Session info: chrome=131.0.6778.109)
For documentation on this error, please visit: https://www.selenium.dev/documentation/webdriver/troubleshooting/errors#no-such-element-exception
Build info: version: '4.26.0', revision: '8ccf0219d7'
System info: os.name: 'Windows 10', os.arch: 'amd64', os.version: '10.0', java.version: '21.0.3'
Driver info: org.openqa.selenium.chrome.ChromeDriver
Command: [9ae332001536e7c9fbf8af26388851a0, findElement {value=checkin_span, using=id}]
Capabilities {acceptInsecureCerts: false, browserName: chrome, browserVersion: 131.0.6778.109, chrome: {chromedriverVersion: 131.0.6778.87 (ce31cae94873..., userDataDir: C:\Users\ELCOT\AppData\Loca...}, fedcm:accounts: true, goog:chromeOptions: {debuggerAddress: localhost:53592}, networkConnectionEnabled: false, pageLoadStrategy: normal, platformName: windows, proxy: Proxy(), se:cdp: ws://localhost:53592/devtoo..., se:cdpVersion: 131.0.6778.109, setWindowRect: true, strictFileInteractability: false, timeouts: {implicit: 0, pageLoad: 300000, script: 30000}, unhandledPromptBehavior: dismiss and notify, webauthn:extension:credBlob: true, webauthn:extension:largeBlob: true, webauthn:extension:minPinLength: true, webauthn:extension:prf: true, webauthn:virtualAuthenticators: true}
Session ID: 9ae332001536e7c9fbf8af26388851a0
at java.base/jdk.internal.reflect.DirectConstructorHandleAccessor.newInstance(DirectConstructorHandleAccessor.java:62)
at java.base/java.lang.reflect.Constructor.newInstanceWithCaller(Constructor.java:502)
at java.base/java.lang.reflect.Constructor.newInstance(Constructor.java:486)
at org.openqa.selenium.remote.ErrorCodec.decode(ErrorCodec.java:167)
at org.openqa.selenium.remote.codec.w3c.W3CHttpResponseCodec.decode(W3CHttpResponseCodec.java:138)
at org.openqa.selenium.remote.codec.w3c.W3CHttpResponseCodec.decode(W3CHttpResponseCodec.java:50)
at org.openqa.selenium.remote.HttpCommandExecutor.execute(HttpCommandExecutor.java:190)
at org.openqa.selenium.remote.service.DriverCommandExecutor.invokeExecute(DriverCommandExecutor.java:216)
at org.openqa.selenium.remote.service.DriverCommandExecutor.execute(DriverCommandExecutor.java:174)
at org.openqa.selenium.remote.RemoteWebDriver.execute(RemoteWebDriver.java:545)
at org.openqa.selenium.remote.ElementLocation$ElementFinder$2.findElement(ElementLocation.java:165)
at org.openqa.selenium.remote.ElementLocation.findElement(ElementLocation.java:59)
at org.openqa.selenium.remote.RemoteWebDriver.findElement(RemoteWebDriver.java:368)
at org.openqa.selenium.remote.RemoteWebDriver.findElement(RemoteWebDriver.java:362)
at org.openqa.selenium.support.pagefactory.DefaultElementLocator.findElement(DefaultElementLocator.java:68)
at org.openqa.selenium.support.pagefactory.internal.LocatingElementHandler.invoke(LocatingElementHandler.java:38)
at jdk.proxy2/jdk.proxy2.$Proxy17.getText(Unknown Source)
at pageObjects.SearchHotelPage.get_errorMsgIncorrectDate(SearchHotelPage.java:115)
at testCases.TC102_SearchHotelsTest.InvalidDateFormat(TC102_SearchHotelsTest.java:105)
at java.base/jdk.internal.reflect.DirectMethodHandleAccessor.invoke(DirectMethodHandleAccessor.java:103)
at java.base/java.lang.reflect.Method.invoke(Method.java:580)
at org.testng.internal.invokers.MethodInvocationHelper.invokeMethod(MethodInvocationHelper.java:141)
at org.testng.internal.invokers.TestInvoker.invokeMethod(TestInvoker.java:686)
at org.testng.internal.invokers.TestInvoker.invokeTestMethod(TestInvoker.java:230)
at org.testng.internal.invokers.MethodRunner.runInSequence(MethodRunner.java:63)
at org.testng.internal.invokers.TestInvoker$MethodInvocationAgent.invoke(TestInvoker.java:992)
at org.testng.internal.invokers.TestInvoker.invokeTestMethods(TestInvoker.java:203)
at org.testng.internal.invokers.TestMethodWorker.invokeTestMethods(TestMethodWorker.java:154)
at org.testng.internal.invokers.TestMethodWorker.run(TestMethodWorker.java:134)
at java.base/java.util.ArrayList.forEach(ArrayList.java:1596)
at org.testng.TestRunner.privateRun(TestRunner.java:739)
at org.testng.TestRunner.run(TestRunner.java:614)
at org.testng.SuiteRunner.runTest(SuiteRunner.java:421)
at org.testng.SuiteRunner.runSequentially(SuiteRunner.java:413)
at org.testng.SuiteRunner.privateRun(SuiteRunner.java:373)
at org.testng.SuiteRunner.run(SuiteRunner.java:312)
at org.testng.SuiteRunnerWorker.runSuite(SuiteRunnerWorker.java:52)
at org.testng.SuiteRunnerWorker.run(SuiteRunnerWorker.java:95)
at org.testng.TestNG.runSuitesSequentially(TestNG.java:1274)
at org.testng.TestNG.runSuitesLocally(TestNG.java:1208)
at org.testng.TestNG.runSuites(TestNG.java:1112)
at org.testng.TestNG.run(TestNG.java:1079)
at org.apache.maven.surefire.testng.TestNGExecutor.run(TestNGExecutor.java:308)
at org.apache.maven.surefire.testng.TestNGXmlTestSuite.execute(TestNGXmlTestSuite.java:71)
at org.apache.maven.surefire.testng.TestNGProvider.invoke(TestNGProvider.java:113)
at org.apache.maven.surefire.booter.ForkedBooter.runSuitesInProcess(ForkedBooter.java:385)
at org.apache.maven.surefire.booter.ForkedBooter.execute(ForkedBooter.java:162)
at org.apache.maven.surefire.booter.ForkedBooter.run(ForkedBooter.java:507)
at org.apache.maven.surefire.booter.ForkedBooter.main(ForkedBooter.java:495)
]]>
            </full-stacktrace>
          </exception> <!-- org.openqa.selenium.NoSuchElementException -->
          <reporter-output>
          </reporter-output>
        </test-method> <!-- InvalidDateFormat -->
        <test-method is-config="true" signature="logout()[pri:0, instance:testCases.TC102_SearchHotelsTest@7203c7ff]" started-at="2024-12-10T19:15:08 IST" name="logout" finished-at="2024-12-10T19:15:11 IST" duration-ms="2590" status="PASS">
          <reporter-output>
          </reporter-output>
        </test-method> <!-- logout -->
        <test-method is-config="true" signature="Login()[pri:0, instance:testCases.TC102_SearchHotelsTest@7203c7ff]" started-at="2024-12-10T19:15:11 IST" name="Login" finished-at="2024-12-10T19:15:13 IST" duration-ms="2572" status="PASS">
          <reporter-output>
          </reporter-output>
        </test-method> <!-- Login -->
        <test-method signature="withoutLocation()[pri:7, instance:testCases.TC102_SearchHotelsTest@7203c7ff]" started-at="2024-12-10T19:15:13 IST" name="withoutLocation" finished-at="2024-12-10T19:15:15 IST" duration-ms="1700" status="PASS">
          <reporter-output>
          </reporter-output>
        </test-method> <!-- withoutLocation -->
        <test-method is-config="true" signature="logout()[pri:0, instance:testCases.TC102_SearchHotelsTest@7203c7ff]" started-at="2024-12-10T19:15:15 IST" name="logout" finished-at="2024-12-10T19:15:18 IST" duration-ms="2406" status="PASS">
          <reporter-output>
          </reporter-output>
        </test-method> <!-- logout -->
        <test-method is-config="true" signature="teardown()[pri:0, instance:testCases.TC102_SearchHotelsTest@7203c7ff]" started-at="2024-12-10T19:15:18 IST" name="teardown" finished-at="2024-12-10T19:15:19 IST" duration-ms="1565" status="PASS">
          <reporter-output>
          </reporter-output>
        </test-method> <!-- teardown -->
      </class> <!-- testCases.TC102_SearchHotelsTest -->
      <class name="testCases.TC104_BookHotelTest">
        <test-method is-config="true" signature="setup(java.lang.String,java.lang.String)[pri:0, instance:testCases.TC104_BookHotelTest@4b6690c0]" started-at="2024-12-10T19:16:14 IST" name="setup" finished-at="2024-12-10T19:16:26 IST" duration-ms="11879" status="PASS">
          <params>
            <param index="0">
              <value>
                <![CDATA[Windows]]>
              </value>
            </param>
            <param index="1">
              <value>
                <![CDATA[chrome]]>
              </value>
            </param>
          </params>
          <reporter-output>
          </reporter-output>
        </test-method> <!-- setup -->
        <test-method signature="validlogin()[pri:1, instance:testCases.TC104_BookHotelTest@4b6690c0]" started-at="2024-12-10T19:16:26 IST" name="validlogin" finished-at="2024-12-10T19:16:33 IST" duration-ms="6249" status="PASS">
          <reporter-output>
          </reporter-output>
        </test-method> <!-- validlogin -->
        <test-method signature="bookhotel()[pri:2, instance:testCases.TC104_BookHotelTest@4b6690c0]" started-at="2024-12-10T19:16:33 IST" name="bookhotel" finished-at="2024-12-10T19:16:51 IST" duration-ms="17973" status="PASS">
          <reporter-output>
          </reporter-output>
        </test-method> <!-- bookhotel -->
        <test-method is-config="true" signature="teardown()[pri:0, instance:testCases.TC104_BookHotelTest@4b6690c0]" started-at="2024-12-10T19:16:51 IST" name="teardown" finished-at="2024-12-10T19:16:52 IST" duration-ms="1345" status="PASS">
          <reporter-output>
          </reporter-output>
        </test-method> <!-- teardown -->
      </class> <!-- testCases.TC104_BookHotelTest -->
      <class name="testCases.TC103_SelectHotelTest">
        <test-method is-config="true" signature="setup(java.lang.String,java.lang.String)[pri:0, instance:testCases.TC103_SelectHotelTest@25bfcafd]" started-at="2024-12-10T19:15:19 IST" name="setup" finished-at="2024-12-10T19:15:30 IST" duration-ms="11253" status="PASS">
          <params>
            <param index="0">
              <value>
                <![CDATA[Windows]]>
              </value>
            </param>
            <param index="1">
              <value>
                <![CDATA[chrome]]>
              </value>
            </param>
          </params>
          <reporter-output>
          </reporter-output>
        </test-method> <!-- setup -->
        <test-method is-config="true" signature="info_searchHotel()[pri:0, instance:testCases.TC103_SelectHotelTest@25bfcafd]" started-at="2024-12-10T19:15:30 IST" name="info_searchHotel" finished-at="2024-12-10T19:15:37 IST" duration-ms="6609" status="PASS">
          <reporter-output>
          </reporter-output>
        </test-method> <!-- info_searchHotel -->
        <test-method signature="valid_selectHotel()[pri:1, instance:testCases.TC103_SelectHotelTest@25bfcafd]" started-at="2024-12-10T19:15:37 IST" name="valid_selectHotel" finished-at="2024-12-10T19:15:39 IST" duration-ms="2279" status="PASS">
          <reporter-output>
          </reporter-output>
        </test-method> <!-- valid_selectHotel -->
        <test-method is-config="true" signature="logout()[pri:0, instance:testCases.TC103_SelectHotelTest@25bfcafd]" started-at="2024-12-10T19:15:39 IST" name="logout" finished-at="2024-12-10T19:15:41 IST" duration-ms="2112" status="PASS">
          <reporter-output>
          </reporter-output>
        </test-method> <!-- logout -->
        <test-method is-config="true" signature="info_searchHotel()[pri:0, instance:testCases.TC103_SelectHotelTest@25bfcafd]" started-at="2024-12-10T19:15:41 IST" name="info_searchHotel" finished-at="2024-12-10T19:15:49 IST" duration-ms="7482" status="PASS">
          <reporter-output>
          </reporter-output>
        </test-method> <!-- info_searchHotel -->
        <test-method signature="validate_searchhotel()[pri:2, instance:testCases.TC103_SelectHotelTest@25bfcafd]" started-at="2024-12-10T19:15:49 IST" name="validate_searchhotel" finished-at="2024-12-10T19:15:49 IST" duration-ms="343" status="PASS">
          <reporter-output>
          </reporter-output>
        </test-method> <!-- validate_searchhotel -->
        <test-method is-config="true" signature="logout()[pri:0, instance:testCases.TC103_SelectHotelTest@25bfcafd]" started-at="2024-12-10T19:15:49 IST" name="logout" finished-at="2024-12-10T19:15:51 IST" duration-ms="2201" status="PASS">
          <reporter-output>
          </reporter-output>
        </test-method> <!-- logout -->
        <test-method is-config="true" signature="info_searchHotel()[pri:0, instance:testCases.TC103_SelectHotelTest@25bfcafd]" started-at="2024-12-10T19:15:51 IST" name="info_searchHotel" finished-at="2024-12-10T19:15:59 IST" duration-ms="7484" status="PASS">
          <reporter-output>
          </reporter-output>
        </test-method> <!-- info_searchHotel -->
        <test-method signature="withoutSelect_hotel()[pri:3, instance:testCases.TC103_SelectHotelTest@25bfcafd]" started-at="2024-12-10T19:15:59 IST" name="withoutSelect_hotel" finished-at="2024-12-10T19:15:59 IST" duration-ms="468" status="PASS">
          <reporter-output>
          </reporter-output>
        </test-method> <!-- withoutSelect_hotel -->
        <test-method is-config="true" signature="logout()[pri:0, instance:testCases.TC103_SelectHotelTest@25bfcafd]" started-at="2024-12-10T19:15:59 IST" name="logout" finished-at="2024-12-10T19:16:02 IST" duration-ms="2619" status="PASS">
          <reporter-output>
          </reporter-output>
        </test-method> <!-- logout -->
        <test-method is-config="true" signature="info_searchHotel()[pri:0, instance:testCases.TC103_SelectHotelTest@25bfcafd]" started-at="2024-12-10T19:16:02 IST" name="info_searchHotel" finished-at="2024-12-10T19:16:11 IST" duration-ms="8590" status="PASS">
          <reporter-output>
          </reporter-output>
        </test-method> <!-- info_searchHotel -->
        <test-method signature="priceCalculation()[pri:4, instance:testCases.TC103_SelectHotelTest@25bfcafd]" started-at="2024-12-10T19:16:11 IST" name="priceCalculation" finished-at="2024-12-10T19:16:11 IST" duration-ms="375" status="PASS">
          <reporter-output>
          </reporter-output>
        </test-method> <!-- priceCalculation -->
        <test-method is-config="true" signature="logout()[pri:0, instance:testCases.TC103_SelectHotelTest@25bfcafd]" started-at="2024-12-10T19:16:11 IST" name="logout" finished-at="2024-12-10T19:16:13 IST" duration-ms="2152" status="PASS">
          <reporter-output>
          </reporter-output>
        </test-method> <!-- logout -->
        <test-method is-config="true" signature="teardown()[pri:0, instance:testCases.TC103_SelectHotelTest@25bfcafd]" started-at="2024-12-10T19:16:13 IST" name="teardown" finished-at="2024-12-10T19:16:14 IST" duration-ms="1303" status="PASS">
          <reporter-output>
          </reporter-output>
        </test-method> <!-- teardown -->
      </class> <!-- testCases.TC103_SelectHotelTest -->
      <class name="testCases.TC101_LoginTestDDT">
        <test-method is-config="true" signature="setup(java.lang.String,java.lang.String)[pri:0, instance:testCases.TC101_LoginTestDDT@1852a3ff]" started-at="2024-12-10T19:11:48 IST" name="setup" finished-at="2024-12-10T19:12:05 IST" duration-ms="16654" status="PASS">
          <params>
            <param index="0">
              <value>
                <![CDATA[Windows]]>
              </value>
            </param>
            <param index="1">
              <value>
                <![CDATA[chrome]]>
              </value>
            </param>
          </params>
          <reporter-output>
          </reporter-output>
        </test-method> <!-- setup -->
        <test-method signature="verify_loginDDT(java.lang.String,java.lang.String,java.lang.String)[pri:0, instance:testCases.TC101_LoginTestDDT@1852a3ff]" started-at="2024-12-10T19:12:18 IST" name="verify_loginDDT" data-provider="LoginData" finished-at="2024-12-10T19:12:43 IST" duration-ms="24579" status="PASS">
          <params>
            <param index="0">
              <value>
                <![CDATA[RajuNaguna]]>
              </value>
            </param>
            <param index="1">
              <value>
                <![CDATA[Naguna@2559]]>
              </value>
            </param>
            <param index="2">
              <value>
                <![CDATA[Valid]]>
              </value>
            </param>
          </params>
          <reporter-output>
          </reporter-output>
        </test-method> <!-- verify_loginDDT -->
        <test-method signature="verify_loginDDT(java.lang.String,java.lang.String,java.lang.String)[pri:0, instance:testCases.TC101_LoginTestDDT@1852a3ff]" started-at="2024-12-10T19:12:43 IST" name="verify_loginDDT" data-provider="LoginData" finished-at="2024-12-10T19:13:04 IST" duration-ms="21285" status="PASS">
          <params>
            <param index="0">
              <value>
                <![CDATA[Raju]]>
              </value>
            </param>
            <param index="1">
              <value>
                <![CDATA[Sherman*345]]>
              </value>
            </param>
            <param index="2">
              <value>
                <![CDATA[InValid]]>
              </value>
            </param>
          </params>
          <reporter-output>
          </reporter-output>
        </test-method> <!-- verify_loginDDT -->
        <test-method signature="verify_loginDDT(java.lang.String,java.lang.String,java.lang.String)[pri:0, instance:testCases.TC101_LoginTestDDT@1852a3ff]" started-at="2024-12-10T19:13:04 IST" name="verify_loginDDT" data-provider="LoginData" finished-at="2024-12-10T19:13:19 IST" duration-ms="15260" status="PASS">
          <params>
            <param index="0">
              <value>
                <![CDATA[Dinesh]]>
              </value>
            </param>
            <param index="1">
              <value>
                <![CDATA[]]>
              </value>
            </param>
            <param index="2">
              <value>
                <![CDATA[Invalid]]>
              </value>
            </param>
          </params>
          <reporter-output>
          </reporter-output>
        </test-method> <!-- verify_loginDDT -->
        <test-method signature="verify_loginDDT(java.lang.String,java.lang.String,java.lang.String)[pri:0, instance:testCases.TC101_LoginTestDDT@1852a3ff]" started-at="2024-12-10T19:13:19 IST" name="verify_loginDDT" data-provider="LoginData" finished-at="2024-12-10T19:13:34 IST" duration-ms="15152" status="PASS">
          <params>
            <param index="0">
              <value>
                <![CDATA[]]>
              </value>
            </param>
            <param index="1">
              <value>
                <![CDATA[Aarthi54*]]>
              </value>
            </param>
            <param index="2">
              <value>
                <![CDATA[Invalid]]>
              </value>
            </param>
          </params>
          <reporter-output>
          </reporter-output>
        </test-method> <!-- verify_loginDDT -->
        <test-method signature="verify_loginDDT(java.lang.String,java.lang.String,java.lang.String)[pri:0, instance:testCases.TC101_LoginTestDDT@1852a3ff]" started-at="2024-12-10T19:13:34 IST" name="verify_loginDDT" data-provider="LoginData" finished-at="2024-12-10T19:13:49 IST" duration-ms="14902" status="PASS">
          <params>
            <param index="0">
              <value>
                <![CDATA[]]>
              </value>
            </param>
            <param index="1">
              <value>
                <![CDATA[]]>
              </value>
            </param>
            <param index="2">
              <value>
                <![CDATA[]]>
              </value>
            </param>
          </params>
          <reporter-output>
          </reporter-output>
        </test-method> <!-- verify_loginDDT -->
        <test-method is-config="true" signature="teardown()[pri:0, instance:testCases.TC101_LoginTestDDT@1852a3ff]" started-at="2024-12-10T19:13:49 IST" name="teardown" finished-at="2024-12-10T19:13:52 IST" duration-ms="2803" status="PASS">
          <reporter-output>
          </reporter-output>
        </test-method> <!-- teardown -->
      </class> <!-- testCases.TC101_LoginTestDDT -->
      <class name="testCases.TC101_LoginTest">
        <test-method is-config="true" signature="setup(java.lang.String,java.lang.String)[pri:0, instance:testCases.TC101_LoginTest@3212a8d7]" started-at="2024-12-10T19:11:02 IST" name="setup" finished-at="2024-12-10T19:11:39 IST" duration-ms="36591" status="PASS">
          <params>
            <param index="0">
              <value>
                <![CDATA[Windows]]>
              </value>
            </param>
            <param index="1">
              <value>
                <![CDATA[chrome]]>
              </value>
            </param>
          </params>
          <reporter-output>
          </reporter-output>
        </test-method> <!-- setup -->
        <test-method signature="Validlogin()[pri:1, instance:testCases.TC101_LoginTest@3212a8d7]" started-at="2024-12-10T19:11:39 IST" name="Validlogin" finished-at="2024-12-10T19:11:47 IST" duration-ms="8042" status="PASS">
          <reporter-output>
          </reporter-output>
        </test-method> <!-- Validlogin -->
        <test-method is-config="true" signature="teardown()[pri:0, instance:testCases.TC101_LoginTest@3212a8d7]" started-at="2024-12-10T19:11:47 IST" name="teardown" finished-at="2024-12-10T19:11:48 IST" duration-ms="1238" status="PASS">
          <reporter-output>
          </reporter-output>
        </test-method> <!-- teardown -->
      </class> <!-- testCases.TC101_LoginTest -->
    </test> <!-- Test -->
  </suite> <!-- Suite -->
</testng-results>
